<?xml version="1.0" encoding="UTF-8"?>
<!-- Generated by org.testng.reporters.JUnitReportReporter -->
<testsuite skipped="0" hostname="Chaitanya-Thota" name="com.qa.hubspot.tests.ContactsPageTest" tests="5" failures="0" timestamp="2019-09-15T13:18:34 IST" time="217.036" errors="0">
  <testcase name="verifyContactsPageTitle" time="34.699" classname="com.qa.hubspot.tests.ContactsPageTest"/>
  <testcase name="CreateNewContactTest" time="46.220" classname="com.qa.hubspot.tests.ContactsPageTest"/>
  <testcase name="CreateNewContactTest" time="48.126" classname="com.qa.hubspot.tests.ContactsPageTest"/>
  <testcase name="CreateNewContactTest" time="45.389" classname="com.qa.hubspot.tests.ContactsPageTest"/>
  <testcase name="CreateNewContactTest" time="42.602" classname="com.qa.hubspot.tests.ContactsPageTest"/>
</testsuite> <!-- com.qa.hubspot.tests.ContactsPageTest -->
