<?xml version="1.0" encoding="UTF-8"?>
<!-- Generated by org.testng.reporters.JUnitReportReporter -->
<testsuite skipped="0" hostname="Chaitanya-Thota" name="com.qa.hubspot.tests.ContactsPageTest" tests="5" failures="0" timestamp="2019-09-09T19:58:05 IST" time="217.977" errors="0">
  <testcase name="verifyContactsPageTitle" time="21.288" classname="com.qa.hubspot.tests.ContactsPageTest"/>
  <testcase name="CreateNewContactTest" time="28.453" classname="com.qa.hubspot.tests.ContactsPageTest"/>
  <testcase name="CreateNewContactTest" time="27.491" classname="com.qa.hubspot.tests.ContactsPageTest"/>
  <testcase name="CreateNewContactTest" time="112.276" classname="com.qa.hubspot.tests.ContactsPageTest"/>
  <testcase name="CreateNewContactTest" time="28.469" classname="com.qa.hubspot.tests.ContactsPageTest"/>
</testsuite> <!-- com.qa.hubspot.tests.ContactsPageTest -->
