<?xml version="1.0" encoding="UTF-8"?>
<!-- Generated by org.testng.reporters.JUnitReportReporter -->
<testsuite skipped="0" hostname="Chaitanya-Thota" name="com.qa.hubspot.tests.LoginPageTest" tests="2" failures="0" timestamp="2019-09-15T13:18:34 IST" time="51.149" errors="0">
  <testcase name="loginTest" time="23.702" classname="com.qa.hubspot.tests.LoginPageTest"/>
  <testcase name="loginPageTitleTest" time="27.447" classname="com.qa.hubspot.tests.LoginPageTest"/>
</testsuite> <!-- com.qa.hubspot.tests.LoginPageTest -->
