<?xml version="1.0" encoding="UTF-8"?>
<!-- Generated by org.testng.reporters.JUnitReportReporter -->
<testsuite skipped="0" hostname="Chaitanya-Thota" name="com.qa.hubspot.tests.LoginPagePFTest" tests="1" failures="0" timestamp="2019-09-09T00:13:15 IST" time="12.465" errors="0">
  <testcase name="doLoginTest" time="12.465" classname="com.qa.hubspot.tests.LoginPagePFTest"/>
</testsuite> <!-- com.qa.hubspot.tests.LoginPagePFTest -->
