<?xml version="1.0" encoding="UTF-8"?>
<!-- Generated by org.testng.reporters.JUnitReportReporter -->
<testsuite skipped="0" hostname="Chaitanya-Thota" name="com.qa.hubspot.tests.LoginPageTest" tests="2" failures="0" timestamp="2019-09-09T14:36:51 IST" time="31.507" errors="0">
  <testcase name="loginTest" time="15.587" classname="com.qa.hubspot.tests.LoginPageTest"/>
  <testcase name="loginPageTitleTest" time="15.920" classname="com.qa.hubspot.tests.LoginPageTest"/>
</testsuite> <!-- com.qa.hubspot.tests.LoginPageTest -->
